<?xml version="1.0" encoding="UTF-8"?>
<!-- Generated by org.testng.reporters.JUnitReportReporter -->
<testsuite hostname="gorozheyev" name="com.example.tests.TestParallelRunTests" tests="1" failures="0" timestamp="16 Mar 2017 13:54:19 GMT" time="10.502" errors="0">
  <testcase name="openSomePage" time="10.502" classname="com.example.tests.TestParallelRunTests"/>
</testsuite> <!-- com.example.tests.TestParallelRunTests -->
