<?xml version="1.0" encoding="UTF-8"?>
<!-- Generated by org.testng.reporters.JUnitReportReporter -->
<testsuite hostname="gorozheyev" name="com.example.tests.CurrentTests" tests="3" failures="0" timestamp="23 Jun 2017 08:08:36 GMT" time="92.621" errors="0">
  <testcase name="openStoOnMainPage" time="14.900" classname="com.example.tests.CurrentTests"/>
  <testcase name="initPopapOnFirstAndSecondSearchPages" time="58.322" classname="com.example.tests.CurrentTests"/>
  <testcase name="checkCountAdverts" time="19.399" classname="com.example.tests.CurrentTests"/>
</testsuite> <!-- com.example.tests.CurrentTests -->
