<?xml version="1.0" encoding="UTF-8"?>
<!-- Generated by org.testng.reporters.JUnitReportReporter -->
<testsuite hostname="gorozheyev" name="com.example.tests.ClickOnAllLinksInMainMenuHeader" tests="6" failures="0" timestamp="23 Jun 2017 08:08:36 GMT" time="1293.221" errors="0">
  <testcase name="dropDownMenuHeaderForthdPart" time="250.838" classname="com.example.tests.ClickOnAllLinksInMainMenuHeader"/>
  <testcase name="dropDownMenuHeaderFirstPart" time="210.332" classname="com.example.tests.ClickOnAllLinksInMainMenuHeader"/>
  <testcase name="dropDownMenuHeaderSixdPart" time="192.476" classname="com.example.tests.ClickOnAllLinksInMainMenuHeader"/>
  <testcase name="dropDownMenuHeaderThirdPart" time="192.590" classname="com.example.tests.ClickOnAllLinksInMainMenuHeader"/>
  <testcase name="dropDownMenuHeaderFifthdPart" time="216.256" classname="com.example.tests.ClickOnAllLinksInMainMenuHeader"/>
  <testcase name="dropDownMenuHeaderSecondPart" time="230.729" classname="com.example.tests.ClickOnAllLinksInMainMenuHeader"/>
</testsuite> <!-- com.example.tests.ClickOnAllLinksInMainMenuHeader -->
