<?xml version="1.0" encoding="UTF-8"?>
<!-- Generated by org.testng.reporters.JUnitReportReporter -->
<testsuite hostname="gorozheyev" name="com.example.tests.SearchPage" tests="8" failures="0" timestamp="23 Jun 2017 08:08:36 GMT" time="269.071" errors="0">
  <testcase name="clickOnSubscriptionButton" time="12.100" classname="com.example.tests.SearchPage"/>
  <testcase name="sortingBy" time="107.475" classname="com.example.tests.SearchPage"/>
  <testcase name="countAdvertsOnSearchPage" time="12.103" classname="com.example.tests.SearchPage"/>
  <testcase name="breadCrumbsWithMark" time="29.478" classname="com.example.tests.SearchPage"/>
  <testcase name="breadCrumbs" time="18.697" classname="com.example.tests.SearchPage"/>
  <testcase name="presenceTabsAndClickThem" time="13.031" classname="com.example.tests.SearchPage"/>
  <testcase name="breadCrumbsWithMarkAndModel" time="26.103" classname="com.example.tests.SearchPage"/>
  <testcase name="customLinksUnderTabs" time="50.084" classname="com.example.tests.SearchPage"/>
</testsuite> <!-- com.example.tests.SearchPage -->
