<?xml version="1.0" encoding="UTF-8"?>
<!-- Generated by org.testng.reporters.JUnitReportReporter -->
<testsuite hostname="gorozheyev" name="com.example.tests.SearchFilterTests" tests="15" failures="0" timestamp="23 Jun 2017 08:08:36 GMT" time="669.314" errors="0">
  <testcase name="yearFrom" time="27.247" classname="com.example.tests.SearchFilterTests"/>
  <testcase name="paginationTest" time="79.800" classname="com.example.tests.SearchFilterTests"/>
  <testcase name="priceTo" time="28.351" classname="com.example.tests.SearchFilterTests"/>
  <testcase name="choiceModelWithoutMark" time="49.180" classname="com.example.tests.SearchFilterTests"/>
  <testcase name="yearTo" time="25.684" classname="com.example.tests.SearchFilterTests"/>
  <testcase name="yearFromYearTo" time="27.601" classname="com.example.tests.SearchFilterTests"/>
  <testcase name="priceFromTo" time="30.666" classname="com.example.tests.SearchFilterTests"/>
  <testcase name="choiceMarkAndModel" time="69.387" classname="com.example.tests.SearchFilterTests"/>
  <testcase name="countInTooltipAndInH1" time="43.862" classname="com.example.tests.SearchFilterTests"/>
  <testcase name="checkboxHasPhoto" time="27.719" classname="com.example.tests.SearchFilterTests"/>
  <testcase name="mileageFrom" time="36.839" classname="com.example.tests.SearchFilterTests"/>
  <testcase name="priceFrom" time="28.432" classname="com.example.tests.SearchFilterTests"/>
  <testcase name="openAdditionalFilters" time="96.228" classname="com.example.tests.SearchFilterTests"/>
  <testcase name="checkTypeOfCurrency" time="41.503" classname="com.example.tests.SearchFilterTests"/>
  <testcase name="mileageFromTo" time="56.815" classname="com.example.tests.SearchFilterTests"/>
</testsuite> <!-- com.example.tests.SearchFilterTests -->
