<?xml version="1.0" encoding="UTF-8"?>
<!-- Generated by org.testng.reporters.JUnitReportReporter -->
<testsuite hostname="gorozheyev" name="com.example.tests.TestsForMainPage" tests="26" failures="0" timestamp="23 Jun 2017 08:08:36 GMT" time="997.096" errors="2">
  <testcase name="checkClickAndTitlesInBlockTestDrivesOnMainPage" time="56.331" classname="com.example.tests.TestsForMainPage"/>
  <testcase name="blockPartners" time="48.158" classname="com.example.tests.TestsForMainPage"/>
  <testcase name="presenceElementsOnMainPage" time="6.651" classname="com.example.tests.TestsForMainPage"/>
  <testcase name="checkTitleAndCklickOnServices" time="173.691" classname="com.example.tests.TestsForMainPage"/>
  <testcase name="choiceDifferentGrafics" time="21.368" classname="com.example.tests.TestsForMainPage"/>
  <testcase name="checkCkickOnLogo" time="30.852" classname="com.example.tests.TestsForMainPage"/>
  <testcase name="clickOnTextLogo" time="24.396" classname="com.example.tests.TestsForMainPage"/>
  <testcase name="presenceSeoTextInFooter" time="5.965" classname="com.example.tests.TestsForMainPage"/>
  <testcase name="checkTitlesTopCategory" time="28.573" classname="com.example.tests.TestsForMainPage"/>
  <testcase name="presenceIconsOfSocialNetworks" time="42.035" classname="com.example.tests.TestsForMainPage"/>
  <testcase name="testSearchFilterWithWalue" time="18.243" classname="com.example.tests.TestsForMainPage"/>
  <testcase name="goToMarkPageAndToAllBrandsPage" time="40.161" classname="com.example.tests.TestsForMainPage">
    <error type="java.lang.AssertionError" message="Не отображаются тайтлы марок на странице Всех марок">
      <![CDATA[java.lang.AssertionError: Не отображаются тайтлы марок на странице Всех марок
	at org.testng.AssertJUnit.fail(AssertJUnit.java:59)
	at com.example.tests.TestsForMainPage.goToMarkPageAndToAllBrandsPage(TestsForMainPage.java:101)
	at sun.reflect.NativeMethodAccessorImpl.invoke0(Native Method)
	at sun.reflect.NativeMethodAccessorImpl.invoke(NativeMethodAccessorImpl.java:62)
	at sun.reflect.DelegatingMethodAccessorImpl.invoke(DelegatingMethodAccessorImpl.java:43)
	at java.lang.reflect.Method.invoke(Method.java:498)
	at org.testng.internal.MethodInvocationHelper.invokeMethod(MethodInvocationHelper.java:80)
	at org.testng.internal.Invoker.invokeMethod(Invoker.java:714)
	at org.testng.internal.Invoker.invokeTestMethod(Invoker.java:901)
	at org.testng.internal.Invoker.invokeTestMethods(Invoker.java:1231)
	at org.testng.internal.TestMethodWorker.invokeTestMethods(TestMethodWorker.java:127)
	at org.testng.internal.TestMethodWorker.run(TestMethodWorker.java:111)
	at java.util.concurrent.ThreadPoolExecutor.runWorker(ThreadPoolExecutor.java:1142)
	at java.util.concurrent.ThreadPoolExecutor$Worker.run(ThreadPoolExecutor.java:617)
	at java.lang.Thread.run(Thread.java:745)
]]>
    </error>
  </testcase> <!-- goToMarkPageAndToAllBrandsPage -->
  <testcase name="chooseLocationInHeder" time="19.499" classname="com.example.tests.TestsForMainPage"/>
  <testcase name="checkTitleOnMainPage" time="6.288" classname="com.example.tests.TestsForMainPage">
    <error type="java.lang.AssertionError" message="Пропали тайтлы у марок на главной странице">
      <![CDATA[java.lang.AssertionError: Пропали тайтлы у марок на главной странице
	at org.testng.AssertJUnit.fail(AssertJUnit.java:59)
	at com.example.tests.TestsForMainPage.checkTitleOnMainPage(TestsForMainPage.java:85)
	at sun.reflect.NativeMethodAccessorImpl.invoke0(Native Method)
	at sun.reflect.NativeMethodAccessorImpl.invoke(NativeMethodAccessorImpl.java:62)
	at sun.reflect.DelegatingMethodAccessorImpl.invoke(DelegatingMethodAccessorImpl.java:43)
	at java.lang.reflect.Method.invoke(Method.java:498)
	at org.testng.internal.MethodInvocationHelper.invokeMethod(MethodInvocationHelper.java:80)
	at org.testng.internal.Invoker.invokeMethod(Invoker.java:714)
	at org.testng.internal.Invoker.invokeTestMethod(Invoker.java:901)
	at org.testng.internal.Invoker.invokeTestMethods(Invoker.java:1231)
	at org.testng.internal.TestMethodWorker.invokeTestMethods(TestMethodWorker.java:127)
	at org.testng.internal.TestMethodWorker.run(TestMethodWorker.java:111)
	at java.util.concurrent.ThreadPoolExecutor.runWorker(ThreadPoolExecutor.java:1142)
	at java.util.concurrent.ThreadPoolExecutor$Worker.run(ThreadPoolExecutor.java:617)
	at java.lang.Thread.run(Thread.java:745)
]]>
    </error>
  </testcase> <!-- checkTitleOnMainPage -->
  <testcase name="searchFieldWithPressedTabsCatalog" time="14.381" classname="com.example.tests.TestsForMainPage"/>
  <testcase name="checkUpFines" time="24.153" classname="com.example.tests.TestsForMainPage"/>
  <testcase name="testWithEmptySearchFilter" time="19.484" classname="com.example.tests.TestsForMainPage"/>
  <testcase name="presenceElementsOnMainPageMoskov" time="20.021" classname="com.example.tests.TestsForMainPage"/>
  <testcase name="checkTitleAndClickOnArticles" time="27.062" classname="com.example.tests.TestsForMainPage"/>
  <testcase name="ckickOnButtonAddAdvert" time="12.974" classname="com.example.tests.TestsForMainPage"/>
  <testcase name="testSearchFieldWithPressedTabs" time="53.321" classname="com.example.tests.TestsForMainPage"/>
  <testcase name="checkTitlesAndGoToAllCityesPage" time="13.970" classname="com.example.tests.TestsForMainPage"/>
  <testcase name="checkClickAndTitlesInBlockCatalogOnMainPage" time="50.635" classname="com.example.tests.TestsForMainPage"/>
  <testcase name="checkClickAndTitleOnLastAdverts" time="20.297" classname="com.example.tests.TestsForMainPage"/>
  <testcase name="checkTitlesTopCategoryMoscow" time="42.911" classname="com.example.tests.TestsForMainPage"/>
  <testcase name="checkTopCategoryInFooter" time="175.676" classname="com.example.tests.TestsForMainPage"/>
</testsuite> <!-- com.example.tests.TestsForMainPage -->
