<?xml version="1.0" encoding="UTF-8"?>
<!-- Generated by org.testng.reporters.JUnitReportReporter -->
<testsuite hostname="gorozheyev" name="com.example.tests.SeoRequirementsTests" tests="13" failures="0" timestamp="23 Jun 2017 08:08:36 GMT" time="522.630" errors="0">
  <testcase name="markPageSeo" time="10.335" classname="com.example.tests.SeoRequirementsTests"/>
  <testcase name="nofollowOnMainPage" time="18.133" classname="com.example.tests.SeoRequirementsTests"/>
  <testcase name="markPlusModelPageSeo" time="11.911" classname="com.example.tests.SeoRequirementsTests"/>
  <testcase name="seoMetaOnMainPage" time="33.073" classname="com.example.tests.SeoRequirementsTests"/>
  <testcase name="outclicksOnAdvert" time="242.290" classname="com.example.tests.SeoRequirementsTests"/>
  <testcase name="seoForCastomLinksInTabs" time="126.011" classname="com.example.tests.SeoRequirementsTests"/>
  <testcase name="adpageSeo" time="11.334" classname="com.example.tests.SeoRequirementsTests"/>
  <testcase name="seoOnSearchPageOtherCategories" time="7.558" classname="com.example.tests.SeoRequirementsTests"/>
  <testcase name="markPlusModePlusAuxiliaryFilterslPageSeo" time="11.184" classname="com.example.tests.SeoRequirementsTests"/>
  <testcase name="seoOnMainSearchPageCar" time="8.313" classname="com.example.tests.SeoRequirementsTests"/>
  <testcase name="markPlusAuxiliaryFiltersPageSeo" time="10.696" classname="com.example.tests.SeoRequirementsTests"/>
  <testcase name="seoMetaOnCustomLinkPages" time="23.810" classname="com.example.tests.SeoRequirementsTests"/>
  <testcase name="seoOnLocationSearchPageCar" time="7.982" classname="com.example.tests.SeoRequirementsTests"/>
</testsuite> <!-- com.example.tests.SeoRequirementsTests -->
